TN:
SF:D:\Workarea\iotaeco\iota-pico-business\src\index.ts
FNF:0
FNH:0
LF:0
LH:0
BRF:0
BRH:0
end_of_record
TN:
SF:D:\Workarea\iotaeco\iota-pico-business\src\interfaces\ITransactionClient.ts
FNF:0
FNH:0
LF:0
LH:0
BRF:0
BRH:0
end_of_record
TN:
SF:D:\Workarea\iotaeco\iota-pico-business\src\interfaces\accountData.ts
FNF:0
FNH:0
LF:0
LH:0
BRF:0
BRH:0
end_of_record
TN:
SF:D:\Workarea\iotaeco\iota-pico-business\src\interfaces\promoteOptions.ts
FNF:0
FNH:0
LF:0
LH:0
BRF:0
BRH:0
end_of_record
TN:
SF:D:\Workarea\iotaeco\iota-pico-business\src\interfaces\transferOptions.ts
FNF:0
FNH:0
LF:0
LH:0
BRF:0
BRH:0
end_of_record
TN:
SF:D:\Workarea\iotaeco\iota-pico-business\src\transactions\bundleSigning.ts
FN:23,(anonymous_0)
FN:113,(anonymous_1)
FN:158,(anonymous_2)
FN:196,(anonymous_3)
FN:283,(anonymous_4)
FN:307,(anonymous_5)
FN:332,(anonymous_6)
FN:345,(anonymous_7)
FNF:8
FNH:8
FNDA:13,(anonymous_0)
FNDA:18,(anonymous_1)
FNDA:1509,(anonymous_2)
FNDA:21,(anonymous_3)
FNDA:7,(anonymous_4)
FNDA:13,(anonymous_5)
FNDA:7,(anonymous_6)
FNDA:29,(anonymous_7)
DA:1,1
DA:2,1
DA:5,1
DA:7,1
DA:8,1
DA:9,1
DA:10,1
DA:11,1
DA:12,1
DA:14,1
DA:15,1
DA:21,1
DA:29,13
DA:30,13
DA:37,13
DA:38,45
DA:39,13
DA:44,13
DA:46,14
DA:48,13
DA:49,13
DA:50,13
DA:54,13
DA:57,13
DA:60,13
DA:61,13
DA:64,13
DA:65,39
DA:69,13
DA:72,13
DA:75,13
DA:78,13
DA:82,13
DA:87,13
DA:90,12
DA:92,12
DA:95,12
DA:98,12
DA:104,13
DA:105,1
DA:106,1
DA:109,13
DA:114,18
DA:115,17
DA:117,17
DA:119,1489
DA:120,1489
DA:122,1489
DA:123,4952
DA:124,4952
DA:126,4952
DA:134,4952
DA:137,1489
DA:138,1489
DA:140,1489
DA:141,1489
DA:142,4952
DA:145,1489
DA:146,1489
DA:148,1472
DA:149,1472
DA:151,17
DA:159,1509
DA:160,1509
DA:162,1509
DA:163,4527
DA:164,4527
DA:165,122229
DA:166,122229
DA:167,122229
DA:168,122229
DA:171,4527
DA:172,2324
DA:173,76519
DA:174,179646
DA:175,76519
DA:176,76519
DA:181,2203
DA:182,72713
DA:183,168957
DA:184,72713
DA:185,72713
DA:192,1509
DA:197,21
DA:199,21
DA:200,20
DA:202,20
DA:203,20
DA:206,20
DA:208,20
DA:209,20
DA:210,39
DA:211,39
DA:214,39
DA:215,2
DA:218,37
DA:221,37
DA:222,37
DA:225,37
DA:226,7
DA:232,7
DA:233,12
DA:236,12
DA:238,6
DA:242,7
DA:248,20
DA:249,2
DA:252,18
DA:253,18
DA:255,18
DA:258,18
DA:259,18
DA:260,2
DA:263,16
DA:264,1
DA:267,15
DA:268,7
DA:270,7
DA:271,1
DA:279,21
DA:284,7
DA:285,7
DA:288,7
DA:289,21
DA:293,7
DA:295,7
DA:296,13
DA:298,13
DA:299,3159
DA:303,7
DA:310,13
DA:311,13
DA:313,13
DA:314,351
DA:316,351
DA:317,4563
DA:319,4563
DA:320,4563
DA:321,4563
DA:324,351
DA:327,13
DA:328,13
DA:333,7
DA:335,7
DA:336,7
DA:338,7
DA:339,7
DA:341,7
DA:346,29
DA:347,29
DA:349,29
DA:350,29
DA:351,29
DA:352,29
DA:354,29
LF:155
LH:155
BRDA:38,0,0,13
BRDA:38,0,1,32
BRDA:46,1,0,13
BRDA:46,1,1,1
BRDA:49,2,0,12
BRDA:49,2,1,1
BRDA:87,3,0,12
BRDA:87,3,1,1
BRDA:87,4,0,13
BRDA:87,4,1,13
BRDA:104,5,0,1
BRDA:104,5,1,12
BRDA:114,6,0,17
BRDA:114,6,1,1
BRDA:146,7,0,1472
BRDA:146,7,1,17
BRDA:171,8,0,2324
BRDA:171,8,1,2203
BRDA:174,9,0,76519
BRDA:174,9,1,103127
BRDA:183,10,0,72713
BRDA:183,10,1,96244
BRDA:199,11,0,20
BRDA:199,11,1,1
BRDA:209,12,0,59
BRDA:209,12,1,40
BRDA:214,13,0,2
BRDA:214,13,1,37
BRDA:225,14,0,7
BRDA:225,14,1,30
BRDA:236,15,0,6
BRDA:236,15,1,6
BRDA:236,16,0,12
BRDA:236,16,1,7
BRDA:248,17,0,2
BRDA:248,17,1,18
BRDA:259,18,0,2
BRDA:259,18,1,16
BRDA:263,19,0,1
BRDA:263,19,1,15
BRDA:267,20,0,22
BRDA:267,20,1,7
BRDA:270,21,0,1
BRDA:270,21,1,6
BRF:44
BRH:44
end_of_record
TN:
SF:D:\Workarea\iotaeco\iota-pico-business\src\transactions\hmacCurl.ts
FN:21,(anonymous_0)
FN:28,(anonymous_1)
FNF:2
FNH:2
FNDA:2,(anonymous_0)
FNDA:1,(anonymous_1)
DA:1,1
DA:3,1
DA:4,1
DA:5,1
DA:11,1
DA:13,1
DA:22,2
DA:29,1
DA:30,1
DA:31,1
DA:32,1
DA:33,4
DA:34,2
DA:35,2
DA:36,2
DA:37,2
DA:38,2
DA:39,2
DA:40,2
DA:41,2
DA:42,2
LF:21
LH:21
BRDA:33,0,0,2
BRDA:33,0,1,2
BRF:2
BRH:2
end_of_record
TN:
SF:D:\Workarea\iotaeco\iota-pico-business\src\transactions\transactionClient.ts
FN:72,(anonymous_0)
FN:85,(anonymous_1)
FN:95,(anonymous_2)
FN:98,(anonymous_3)
FN:114,(anonymous_4)
FN:141,(anonymous_5)
FN:142,(anonymous_6)
FN:143,(anonymous_7)
FN:144,(anonymous_8)
FN:149,(anonymous_9)
FN:159,(anonymous_10)
FN:165,(anonymous_11)
FN:170,(anonymous_12)
FN:180,(anonymous_13)
FN:188,(anonymous_14)
FN:211,(anonymous_15)
FN:253,(anonymous_16)
FN:288,(anonymous_17)
FN:341,(anonymous_18)
FN:358,(anonymous_19)
FN:400,(anonymous_20)
FN:417,(anonymous_21)
FN:494,(anonymous_22)
FN:550,(anonymous_23)
FN:580,(anonymous_24)
FN:583,(anonymous_25)
FN:590,(anonymous_26)
FN:595,(anonymous_27)
FN:609,(anonymous_28)
FN:613,(anonymous_29)
FN:641,(anonymous_30)
FN:652,(anonymous_31)
FN:671,(anonymous_32)
FN:686,(anonymous_33)
FN:700,(anonymous_34)
FN:740,(anonymous_35)
FN:770,(anonymous_36)
FN:789,(anonymous_37)
FN:814,(anonymous_38)
FN:874,(anonymous_39)
FN:885,(anonymous_40)
FN:889,(anonymous_41)
FN:906,(anonymous_42)
FN:926,(anonymous_43)
FN:948,(anonymous_44)
FN:970,(anonymous_45)
FN:988,(anonymous_46)
FN:995,(anonymous_47)
FN:1005,(anonymous_48)
FN:1007,(anonymous_49)
FN:1021,(anonymous_50)
FN:1034,(anonymous_51)
FN:1044,(anonymous_52)
FN:1058,(anonymous_53)
FN:1111,(anonymous_54)
FNF:55
FNH:55
FNDA:117,(anonymous_0)
FNDA:3,(anonymous_1)
FNDA:2,(anonymous_2)
FNDA:2,(anonymous_3)
FNDA:26,(anonymous_4)
FNDA:7,(anonymous_5)
FNDA:24,(anonymous_6)
FNDA:1,(anonymous_7)
FNDA:1,(anonymous_8)
FNDA:61,(anonymous_9)
FNDA:19,(anonymous_10)
FNDA:55,(anonymous_11)
FNDA:56,(anonymous_12)
FNDA:12,(anonymous_13)
FNDA:21,(anonymous_14)
FNDA:20,(anonymous_15)
FNDA:14,(anonymous_16)
FNDA:25,(anonymous_17)
FNDA:11,(anonymous_18)
FNDA:19,(anonymous_19)
FNDA:17,(anonymous_20)
FNDA:15,(anonymous_21)
FNDA:7,(anonymous_22)
FNDA:14,(anonymous_23)
FNDA:4,(anonymous_24)
FNDA:4,(anonymous_25)
FNDA:4,(anonymous_26)
FNDA:4,(anonymous_27)
FNDA:5,(anonymous_28)
FNDA:8,(anonymous_29)
FNDA:4,(anonymous_30)
FNDA:7,(anonymous_31)
FNDA:4,(anonymous_32)
FNDA:15,(anonymous_33)
FNDA:2,(anonymous_34)
FNDA:13,(anonymous_35)
FNDA:2,(anonymous_36)
FNDA:16,(anonymous_37)
FNDA:20,(anonymous_38)
FNDA:1,(anonymous_39)
FNDA:1,(anonymous_40)
FNDA:1,(anonymous_41)
FNDA:16,(anonymous_42)
FNDA:5,(anonymous_43)
FNDA:4,(anonymous_44)
FNDA:3,(anonymous_45)
FNDA:6,(anonymous_46)
FNDA:19,(anonymous_47)
FNDA:5,(anonymous_48)
FNDA:20,(anonymous_49)
FNDA:9,(anonymous_50)
FNDA:5,(anonymous_51)
FNDA:69,(anonymous_52)
FNDA:9,(anonymous_53)
FNDA:7,(anonymous_54)
DA:12,1
DA:13,1
DA:14,1
DA:17,1
DA:18,1
DA:20,1
DA:21,1
DA:22,1
DA:23,1
DA:24,1
DA:25,1
DA:26,1
DA:27,1
DA:28,1
DA:29,1
DA:30,1
DA:31,1
DA:32,1
DA:37,1
DA:38,1
DA:43,1
DA:45,1
DA:48,1
DA:51,1
DA:76,117
DA:77,117
DA:78,117
DA:79,117
DA:86,3
DA:87,1
DA:96,2
DA:97,2
DA:98,2
DA:100,1
DA:115,26
DA:116,26
DA:117,26
DA:118,26
DA:120,26
DA:121,1
DA:124,25
DA:125,1
DA:128,24
DA:129,1
DA:132,23
DA:133,1
DA:136,22
DA:137,1
DA:140,21
DA:141,7
DA:142,24
DA:143,1
DA:144,1
DA:147,21
DA:148,21
DA:149,61
DA:151,2
DA:160,19
DA:161,2
DA:164,17
DA:165,55
DA:168,17
DA:169,17
DA:170,56
DA:172,1
DA:181,12
DA:182,2
DA:185,10
DA:186,10
DA:187,9
DA:188,21
DA:191,9
DA:192,9
DA:193,8
DA:195,1
DA:198,1
DA:212,20
DA:213,1
DA:216,19
DA:217,1
DA:220,18
DA:222,18
DA:223,1
DA:226,17
DA:227,17
DA:230,17
DA:231,6
DA:232,6
DA:233,2
DA:236,4
DA:238,11
DA:241,15
DA:254,14
DA:255,1
DA:257,13
DA:258,1
DA:260,12
DA:261,1
DA:263,11
DA:264,11
DA:265,1
DA:267,10
DA:268,1
DA:271,9
DA:273,9
DA:274,27
DA:277,9
DA:289,25
DA:290,1
DA:292,24
DA:293,1
DA:295,23
DA:296,1
DA:299,22
DA:301,22
DA:303,22
DA:304,42
DA:306,42
DA:308,42
DA:310,42
DA:314,42
DA:316,42
DA:317,42
DA:318,34
DA:322,34
DA:324,34
DA:329,22
DA:342,11
DA:343,1
DA:345,10
DA:346,1
DA:348,9
DA:349,1
DA:351,8
DA:352,1
DA:355,7
DA:357,7
DA:358,19
DA:362,7
DA:364,7
DA:365,7
DA:367,7
DA:368,6
DA:369,11
DA:370,11
DA:371,8
DA:372,8
DA:374,8
DA:375,5
DA:381,7
DA:382,1
DA:385,6
DA:401,17
DA:402,1
DA:405,16
DA:406,1
DA:409,15
DA:410,15
DA:412,15
DA:413,15
DA:414,15
DA:417,15
DA:418,15
DA:419,15
DA:421,15
DA:422,1
DA:423,1
DA:428,15
DA:431,15
DA:432,15
DA:436,15
DA:437,15
DA:440,15
DA:441,15
DA:443,2
DA:445,2
DA:448,2
DA:449,5
DA:450,5
DA:453,5
DA:454,2735
DA:457,5
DA:461,13
DA:463,13
DA:464,11
DA:467,13
DA:468,28028
DA:471,13
DA:475,15
DA:477,15
DA:480,15
DA:483,15
DA:489,15
DA:492,10
DA:493,6
DA:494,7
DA:498,6
DA:499,6
DA:500,6
DA:501,6
DA:502,7
DA:505,7
DA:506,6
DA:508,6
DA:510,6
DA:513,6
DA:514,5
DA:520,6
DA:521,1
DA:524,5
DA:527,4
DA:529,4
DA:533,5
DA:534,5
DA:536,5
DA:539,14
DA:551,14
DA:552,1
DA:555,13
DA:556,2
DA:559,11
DA:560,2
DA:563,9
DA:568,9
DA:571,9
DA:572,8
DA:573,7
DA:578,1
DA:580,4
DA:583,4
DA:586,1
DA:590,4
DA:593,1
DA:595,4
DA:598,8
DA:610,5
DA:612,5
DA:613,8
DA:616,5
DA:618,5
DA:622,5
DA:624,5
DA:642,4
DA:644,4
DA:653,7
DA:654,1
DA:657,6
DA:661,6
DA:663,6
DA:672,4
DA:673,1
DA:676,3
DA:678,3
DA:679,3
DA:680,3
DA:683,3
DA:685,3
DA:686,3
DA:687,15
DA:688,6
DA:689,6
DA:691,6
DA:693,6
DA:698,3
DA:699,2
DA:700,2
DA:701,2
DA:703,2
DA:705,2
DA:706,4
DA:707,4
DA:708,4
DA:709,1
DA:713,2
DA:716,1
DA:718,1
DA:719,1
DA:723,3
DA:741,13
DA:742,1
DA:745,12
DA:746,2
DA:749,10
DA:750,2
DA:753,8
DA:754,1
DA:757,7
DA:758,7
DA:759,1
DA:762,7
DA:763,4
DA:765,4
DA:766,3
DA:768,3
DA:769,2
DA:770,2
DA:773,1
DA:776,1
DA:779,3
DA:790,16
DA:791,1
DA:794,15
DA:796,15
DA:798,15
DA:799,1
DA:802,14
DA:803,14
DA:804,14
DA:815,20
DA:816,1
DA:819,19
DA:820,19
DA:821,19
DA:823,19
DA:824,48
DA:828,48
DA:829,48
DA:833,48
DA:834,1
DA:836,47
DA:839,47
DA:840,47
DA:841,1
DA:845,46
DA:847,46
DA:848,46
DA:851,46
DA:853,38
DA:856,38
DA:857,29
DA:858,29
DA:864,17
DA:875,1
DA:877,1
DA:886,1
DA:888,1
DA:889,1
DA:892,1
DA:894,1
DA:907,16
DA:908,16
DA:909,15
DA:911,1
DA:927,5
DA:928,1
DA:930,4
DA:931,4
DA:932,1
DA:935,4
DA:937,4
DA:949,4
DA:950,2
DA:952,2
DA:953,2
DA:954,1
DA:957,2
DA:959,2
DA:961,2
DA:969,2
DA:970,3
DA:974,2
DA:976,2
DA:977,3
DA:978,3
DA:979,2
DA:980,2
DA:984,2
DA:989,6
DA:992,6
DA:993,6
DA:995,6
DA:997,19
DA:998,6
DA:1000,13
DA:1004,6
DA:1005,5
DA:1007,5
DA:1008,20
DA:1009,5
DA:1014,6
DA:1015,6
DA:1020,6
DA:1021,9
DA:1026,6
DA:1027,11
DA:1029,11
DA:1030,11
DA:1034,6
DA:1035,5
DA:1036,5
DA:1037,5
DA:1040,6
DA:1045,69
DA:1046,69
DA:1047,69
DA:1048,69
DA:1050,69
DA:1051,17
DA:1054,69
DA:1061,9
DA:1062,9
DA:1063,10
DA:1066,10
DA:1070,10
DA:1071,9
DA:1074,9
DA:1076,1
DA:1078,1
DA:1079,8
DA:1080,7
DA:1081,7
DA:1082,8
DA:1085,7
DA:1087,7
DA:1089,7
DA:1092,7
DA:1095,7
DA:1099,1
DA:1104,1
DA:1108,9
DA:1112,7
DA:1115,7
DA:1120,13
DA:1121,13
DA:1122,13
DA:1128,13
DA:1130,7
DA:1131,1
DA:1133,6
DA:1134,6
DA:1136,6
DA:1137,6
DA:1140,12
DA:1142,12
DA:1144,12
DA:1147,12
DA:1148,12
DA:1150,12
DA:1153,6
LF:439
LH:439
BRDA:74,0,0,99
BRDA:75,1,0,116
BRDA:86,2,0,1
BRDA:86,2,1,2
BRDA:97,3,0,1
BRDA:97,3,1,1
BRDA:97,4,0,2
BRDA:97,4,1,1
BRDA:115,5,0,26
BRDA:115,5,1,8
BRDA:115,5,2,8
BRDA:116,6,0,26
BRDA:116,6,1,13
BRDA:116,6,2,13
BRDA:117,7,0,26
BRDA:117,7,1,2
BRDA:117,7,2,2
BRDA:118,8,0,26
BRDA:118,8,1,2
BRDA:118,8,2,2
BRDA:120,9,0,1
BRDA:120,9,1,25
BRDA:120,10,0,26
BRDA:120,10,1,8
BRDA:124,11,0,1
BRDA:124,11,1,24
BRDA:124,12,0,25
BRDA:124,12,1,13
BRDA:128,13,0,1
BRDA:128,13,1,23
BRDA:128,14,0,24
BRDA:128,14,1,2
BRDA:132,15,0,1
BRDA:132,15,1,22
BRDA:132,16,0,23
BRDA:132,16,1,2
BRDA:136,17,0,1
BRDA:136,17,1,21
BRDA:136,18,0,22
BRDA:136,18,1,15
BRDA:136,18,2,3
BRDA:136,18,3,2
BRDA:141,19,0,7
BRDA:141,19,1,14
BRDA:142,20,0,12
BRDA:142,20,1,9
BRDA:143,21,0,1
BRDA:143,21,1,20
BRDA:144,22,0,1
BRDA:144,22,1,20
BRDA:148,23,0,19
BRDA:148,23,1,2
BRDA:148,24,0,21
BRDA:148,24,1,19
BRDA:160,25,0,2
BRDA:160,25,1,17
BRDA:169,26,0,16
BRDA:169,26,1,1
BRDA:169,27,0,17
BRDA:169,27,1,16
BRDA:181,28,0,2
BRDA:181,28,1,10
BRDA:186,29,0,9
BRDA:186,29,1,1
BRDA:186,30,0,10
BRDA:186,30,1,10
BRDA:192,31,0,8
BRDA:192,31,1,1
BRDA:192,32,0,9
BRDA:192,32,1,8
BRDA:212,33,0,1
BRDA:212,33,1,19
BRDA:216,34,0,1
BRDA:216,34,1,18
BRDA:216,35,0,19
BRDA:216,35,1,19
BRDA:220,36,0,18
BRDA:220,36,1,12
BRDA:222,37,0,1
BRDA:222,37,1,17
BRDA:227,38,0,17
BRDA:227,38,1,8
BRDA:230,39,0,6
BRDA:230,39,1,11
BRDA:232,40,0,2
BRDA:232,40,1,4
BRDA:232,41,0,6
BRDA:232,41,1,5
BRDA:254,42,0,1
BRDA:254,42,1,13
BRDA:257,43,0,1
BRDA:257,43,1,12
BRDA:257,44,0,13
BRDA:257,44,1,13
BRDA:260,45,0,1
BRDA:260,45,1,11
BRDA:260,46,0,12
BRDA:260,46,1,12
BRDA:264,47,0,1
BRDA:264,47,1,10
BRDA:264,48,0,11
BRDA:264,48,1,11
BRDA:267,49,0,1
BRDA:267,49,1,9
BRDA:267,50,0,10
BRDA:267,50,1,10
BRDA:267,50,2,9
BRDA:289,51,0,1
BRDA:289,51,1,24
BRDA:292,52,0,1
BRDA:292,52,1,23
BRDA:292,53,0,24
BRDA:292,53,1,24
BRDA:295,54,0,1
BRDA:295,54,1,22
BRDA:295,55,0,23
BRDA:295,55,1,23
BRDA:295,55,2,22
BRDA:316,56,0,41
BRDA:316,56,1,1
BRDA:316,57,0,42
BRDA:316,57,1,41
BRDA:316,57,2,41
BRDA:317,58,0,34
BRDA:317,58,1,8
BRDA:324,59,0,34
BRDA:324,59,1,34
BRDA:324,59,2,34
BRDA:342,60,0,1
BRDA:342,60,1,10
BRDA:345,61,0,1
BRDA:345,61,1,9
BRDA:345,62,0,10
BRDA:345,62,1,10
BRDA:348,63,0,1
BRDA:348,63,1,8
BRDA:348,64,0,9
BRDA:348,64,1,9
BRDA:348,64,2,8
BRDA:351,65,0,1
BRDA:351,65,1,7
BRDA:351,66,0,8
BRDA:351,66,1,8
BRDA:367,67,0,6
BRDA:367,67,1,1
BRDA:370,68,0,8
BRDA:370,68,1,3
BRDA:374,69,0,5
BRDA:374,69,1,3
BRDA:374,70,0,8
BRDA:374,70,1,7
BRDA:381,71,0,1
BRDA:381,71,1,6
BRDA:381,72,0,7
BRDA:381,72,1,6
BRDA:401,73,0,1
BRDA:401,73,1,16
BRDA:405,74,0,1
BRDA:405,74,1,15
BRDA:409,75,0,15
BRDA:409,75,1,9
BRDA:410,76,0,15
BRDA:410,76,1,15
BRDA:418,77,0,13
BRDA:418,77,1,2
BRDA:419,78,0,15
BRDA:419,78,1,2
BRDA:421,79,0,1
BRDA:421,79,1,14
BRDA:421,80,0,15
BRDA:421,80,1,1
BRDA:441,81,0,2
BRDA:441,81,1,13
BRDA:463,82,0,11
BRDA:463,82,1,2
BRDA:489,83,0,10
BRDA:489,83,1,5
BRDA:492,84,0,6
BRDA:492,84,1,4
BRDA:505,85,0,6
BRDA:505,85,1,1
BRDA:513,86,0,5
BRDA:513,86,1,1
BRDA:520,87,0,1
BRDA:520,87,1,5
BRDA:551,88,0,1
BRDA:551,88,1,13
BRDA:555,89,0,2
BRDA:555,89,1,11
BRDA:555,90,0,13
BRDA:555,90,1,12
BRDA:559,91,0,2
BRDA:559,91,1,9
BRDA:559,92,0,11
BRDA:559,92,1,10
BRDA:565,93,0,5
BRDA:565,93,1,4
BRDA:571,94,0,8
BRDA:571,94,1,1
BRDA:572,95,0,7
BRDA:572,95,1,1
BRDA:653,96,0,1
BRDA:653,96,1,6
BRDA:672,97,0,1
BRDA:672,97,1,3
BRDA:687,98,0,6
BRDA:687,98,1,9
BRDA:698,99,0,2
BRDA:698,99,1,1
BRDA:708,100,0,1
BRDA:708,100,1,3
BRDA:741,101,0,1
BRDA:741,101,1,12
BRDA:745,102,0,2
BRDA:745,102,1,10
BRDA:745,103,0,12
BRDA:745,103,1,11
BRDA:749,104,0,2
BRDA:749,104,1,8
BRDA:749,105,0,10
BRDA:749,105,1,9
BRDA:753,106,0,1
BRDA:753,106,1,7
BRDA:757,107,0,7
BRDA:757,107,1,1
BRDA:758,108,0,1
BRDA:758,108,1,6
BRDA:762,109,0,4
BRDA:762,109,1,3
BRDA:762,110,0,7
BRDA:762,110,1,5
BRDA:762,110,2,4
BRDA:765,111,0,3
BRDA:765,111,1,1
BRDA:768,112,0,2
BRDA:768,112,1,1
BRDA:790,113,0,1
BRDA:790,113,1,15
BRDA:798,114,0,1
BRDA:798,114,1,14
BRDA:815,115,0,1
BRDA:815,115,1,19
BRDA:831,116,0,47
BRDA:831,116,1,1
BRDA:829,117,0,48
BRDA:829,117,1,47
BRDA:829,117,2,47
BRDA:833,118,0,1
BRDA:833,118,1,47
BRDA:840,119,0,1
BRDA:840,119,1,46
BRDA:840,120,0,47
BRDA:840,120,1,18
BRDA:845,121,0,29
BRDA:845,121,1,17
BRDA:851,122,0,38
BRDA:851,122,1,8
BRDA:856,123,0,29
BRDA:856,123,1,9
BRDA:856,124,0,38
BRDA:856,124,1,9
BRDA:908,125,0,15
BRDA:908,125,1,1
BRDA:927,126,0,1
BRDA:927,126,1,4
BRDA:931,127,0,1
BRDA:931,127,1,3
BRDA:949,128,0,2
BRDA:949,128,1,2
BRDA:953,129,0,1
BRDA:953,129,1,1
BRDA:957,130,0,2
BRDA:957,130,1,2
BRDA:978,131,0,2
BRDA:978,131,1,1
BRDA:979,132,0,2
BRDA:979,132,1,2
BRDA:997,133,0,6
BRDA:997,133,1,13
BRDA:1004,134,0,5
BRDA:1004,134,1,1
BRDA:1008,135,0,5
BRDA:1008,135,1,15
BRDA:1020,136,0,5
BRDA:1020,136,1,1
BRDA:1029,137,0,9
BRDA:1029,137,1,2
BRDA:1037,138,0,3
BRDA:1037,138,1,2
BRDA:1037,139,0,1
BRDA:1037,139,1,1
BRDA:1050,140,0,17
BRDA:1050,140,1,52
BRDA:1062,141,0,19
BRDA:1062,141,1,10
BRDA:1070,142,0,9
BRDA:1070,142,1,1
BRDA:1074,143,0,1
BRDA:1074,143,1,8
BRDA:1074,144,0,9
BRDA:1074,144,1,8
BRDA:1074,144,2,8
BRDA:1079,145,0,7
BRDA:1079,145,1,1
BRDA:1128,146,0,7
BRDA:1128,146,1,6
BRDA:1130,147,0,1
BRDA:1130,147,1,6
BRF:308
BRH:308
end_of_record
TN:
SF:D:\Workarea\iotaeco\iota-pico-business\src\transactions\transactionSigning.ts
FN:10,(anonymous_0)
FN:41,(anonymous_1)
FN:81,(anonymous_2)
FN:93,(anonymous_3)
FN:105,(anonymous_4)
FNF:5
FNH:5
FNDA:82,(anonymous_0)
FNDA:69,(anonymous_1)
FNDA:69,(anonymous_2)
FNDA:17,(anonymous_3)
FNDA:25,(anonymous_4)
DA:1,1
DA:3,1
DA:9,1
DA:11,82
DA:12,82
DA:13,82
DA:14,82
DA:16,82
DA:18,82
DA:19,82
DA:20,82
DA:22,82
DA:23,82
DA:25,82
DA:26,82
DA:27,82
DA:28,82
DA:30,82
DA:31,143
DA:32,3861
DA:33,3861
DA:34,938223
DA:38,82
DA:42,69
DA:44,69
DA:47,69
DA:48,117
DA:49,117
DA:51,117
DA:52,3159
DA:53,3159
DA:55,3159
DA:56,82134
DA:57,82134
DA:58,82134
DA:59,82134
DA:62,3159
DA:63,767637
DA:67,117
DA:69,117
DA:70,117
DA:71,117
DA:73,117
DA:74,117
DA:75,28431
DA:78,69
DA:82,69
DA:84,69
DA:85,69
DA:87,69
DA:88,69
DA:90,69
DA:94,17
DA:95,17
DA:97,17
DA:99,17
DA:100,17
DA:102,17
DA:106,25
DA:109,25
DA:111,25
DA:112,675
DA:114,675
DA:115,8775
DA:116,8775
DA:117,8775
DA:118,8775
DA:121,675
DA:122,164025
DA:126,25
LF:70
LH:70
BRF:0
BRH:0
end_of_record
