TN:
SF:D:\Workarea\iotaeco\iota-pico-business\src\index.ts
FNF:0
FNH:0
LF:0
LH:0
BRF:0
BRH:0
end_of_record
TN:
SF:D:\Workarea\iotaeco\iota-pico-business\src\interfaces\ITimeProvider.ts
FNF:0
FNH:0
LF:0
LH:0
BRF:0
BRH:0
end_of_record
TN:
SF:D:\Workarea\iotaeco\iota-pico-business\src\interfaces\ITransactionClient.ts
FNF:0
FNH:0
LF:0
LH:0
BRF:0
BRH:0
end_of_record
TN:
SF:D:\Workarea\iotaeco\iota-pico-business\src\time\timeProvider.ts
FN:11,(anonymous_0)
FNF:1
FNH:0
FNDA:0,(anonymous_0)
DA:6,1
DA:12,0
LF:2
LH:1
BRF:0
BRH:0
end_of_record
TN:
SF:D:\Workarea\iotaeco\iota-pico-business\src\transactions\hmacCurl.ts
FN:21,(anonymous_0)
FN:28,(anonymous_1)
FNF:2
FNH:0
FNDA:0,(anonymous_0)
FNDA:0,(anonymous_1)
DA:1,1
DA:3,1
DA:4,1
DA:5,1
DA:11,1
DA:13,1
DA:22,0
DA:29,0
DA:30,0
DA:31,0
DA:32,0
DA:33,0
DA:34,0
DA:35,0
DA:36,0
DA:37,0
DA:38,0
DA:39,0
DA:40,0
DA:41,0
LF:20
LH:6
BRDA:33,0,0,0
BRDA:33,0,1,0
BRF:2
BRH:0
end_of_record
TN:
SF:D:\Workarea\iotaeco\iota-pico-business\src\transactions\transactionClient.ts
FN:43,(anonymous_0)
FN:52,(anonymous_1)
FN:55,(anonymous_2)
FN:68,(anonymous_3)
FN:79,(anonymous_4)
FN:80,(anonymous_5)
FN:81,(anonymous_6)
FN:82,(anonymous_7)
FN:87,(anonymous_8)
FN:97,(anonymous_9)
FN:103,(anonymous_10)
FN:108,(anonymous_11)
FN:118,(anonymous_12)
FN:126,(anonymous_13)
FN:149,(anonymous_14)
FN:182,(anonymous_15)
FN:235,(anonymous_16)
FN:258,(anonymous_17)
FN:298,(anonymous_18)
FN:317,(anonymous_19)
FN:392,(anonymous_20)
FN:436,(anonymous_21)
FN:445,(anonymous_22)
FN:459,(anonymous_23)
FN:516,(anonymous_24)
FN:600,(anonymous_25)
FN:608,(anonymous_26)
FN:651,(anonymous_27)
FNF:28
FNH:12
FNDA:10,(anonymous_0)
FNDA:0,(anonymous_1)
FNDA:0,(anonymous_2)
FNDA:0,(anonymous_3)
FNDA:0,(anonymous_4)
FNDA:0,(anonymous_5)
FNDA:0,(anonymous_6)
FNDA:0,(anonymous_7)
FNDA:0,(anonymous_8)
FNDA:0,(anonymous_9)
FNDA:0,(anonymous_10)
FNDA:0,(anonymous_11)
FNDA:0,(anonymous_12)
FNDA:0,(anonymous_13)
FNDA:5,(anonymous_14)
FNDA:4,(anonymous_15)
FNDA:0,(anonymous_16)
FNDA:0,(anonymous_17)
FNDA:1,(anonymous_18)
FNDA:1,(anonymous_19)
FNDA:1,(anonymous_20)
FNDA:0,(anonymous_21)
FNDA:16,(anonymous_22)
FNDA:1,(anonymous_23)
FNDA:1,(anonymous_24)
FNDA:4,(anonymous_25)
FNDA:1,(anonymous_26)
FNDA:173,(anonymous_27)
DA:7,1
DA:8,1
DA:9,1
DA:10,1
DA:11,1
DA:12,1
DA:13,1
DA:14,1
DA:15,1
DA:16,1
DA:17,1
DA:19,1
DA:20,1
DA:21,1
DA:24,1
DA:25,1
DA:26,1
DA:31,1
DA:44,10
DA:45,10
DA:53,0
DA:54,0
DA:55,0
DA:57,0
DA:69,0
DA:70,0
DA:71,0
DA:72,0
DA:74,0
DA:75,0
DA:78,0
DA:79,0
DA:80,0
DA:81,0
DA:82,0
DA:85,0
DA:86,0
DA:87,0
DA:89,0
DA:98,0
DA:99,0
DA:102,0
DA:103,0
DA:106,0
DA:107,0
DA:108,0
DA:110,0
DA:119,0
DA:120,0
DA:123,0
DA:124,0
DA:125,0
DA:126,0
DA:129,0
DA:130,0
DA:131,0
DA:133,0
DA:136,0
DA:150,5
DA:151,0
DA:153,5
DA:154,0
DA:156,5
DA:157,0
DA:159,5
DA:160,0
DA:163,5
DA:165,5
DA:167,5
DA:168,10
DA:171,5
DA:183,4
DA:184,0
DA:186,4
DA:187,0
DA:189,4
DA:190,0
DA:193,4
DA:195,4
DA:197,4
DA:198,6
DA:200,6
DA:202,6
DA:204,6
DA:208,6
DA:210,6
DA:211,6
DA:212,5
DA:216,5
DA:218,5
DA:223,4
DA:236,0
DA:237,0
DA:238,0
DA:241,0
DA:242,0
DA:246,0
DA:247,0
DA:249,0
DA:252,0
DA:253,0
DA:254,0
DA:257,0
DA:258,0
DA:262,0
DA:264,0
DA:265,0
DA:267,0
DA:268,0
DA:269,0
DA:270,0
DA:271,0
DA:272,0
DA:274,0
DA:275,0
DA:281,0
DA:282,0
DA:285,0
DA:299,1
DA:300,0
DA:303,1
DA:304,0
DA:307,1
DA:308,0
DA:311,1
DA:312,1
DA:313,1
DA:314,1
DA:317,1
DA:318,1
DA:319,1
DA:321,1
DA:322,0
DA:323,0
DA:328,1
DA:331,1
DA:332,1
DA:336,1
DA:337,1
DA:340,1
DA:341,1
DA:343,0
DA:345,0
DA:348,0
DA:349,0
DA:350,0
DA:353,0
DA:354,0
DA:357,0
DA:361,1
DA:363,1
DA:364,1
DA:367,1
DA:368,2171
DA:371,1
DA:375,1
DA:377,1
DA:380,1
DA:383,1
DA:387,1
DA:390,1
DA:391,1
DA:392,1
DA:396,1
DA:397,1
DA:398,1
DA:399,1
DA:400,1
DA:403,1
DA:404,1
DA:406,1
DA:408,1
DA:411,1
DA:412,1
DA:418,1
DA:419,0
DA:422,1
DA:425,0
DA:427,0
DA:432,0
DA:433,0
DA:435,0
DA:436,0
DA:437,0
DA:440,0
DA:446,16
DA:447,16
DA:448,16
DA:449,16
DA:451,16
DA:452,13
DA:455,16
DA:461,1
DA:462,1
DA:464,1
DA:465,1
DA:466,1
DA:469,1
DA:473,1
DA:474,1
DA:478,1
DA:480,0
DA:483,0
DA:484,1
DA:485,1
DA:486,1
DA:487,1
DA:490,1
DA:492,1
DA:494,1
DA:497,1
DA:500,1
DA:504,0
DA:509,0
DA:513,0
DA:517,1
DA:518,1
DA:525,1
DA:526,4
DA:527,1
DA:532,1
DA:534,1
DA:536,1
DA:537,1
DA:538,1
DA:542,1
DA:545,1
DA:548,1
DA:549,1
DA:552,1
DA:553,3
DA:557,1
DA:560,1
DA:563,1
DA:566,1
DA:570,1
DA:575,1
DA:578,1
DA:580,1
DA:583,1
DA:586,1
DA:592,1
DA:593,0
DA:594,0
DA:597,1
DA:600,1
DA:601,4
DA:604,1
DA:609,1
DA:611,1
DA:613,172
DA:614,172
DA:616,172
DA:617,688
DA:618,688
DA:620,688
DA:628,688
DA:631,172
DA:632,172
DA:634,172
DA:635,172
DA:636,688
DA:639,172
DA:640,172
DA:642,171
DA:643,171
DA:645,1
DA:652,173
DA:653,173
DA:655,173
DA:656,519
DA:657,519
DA:658,14013
DA:659,14013
DA:660,14013
DA:661,14013
DA:664,519
DA:665,260
DA:666,9038
DA:667,21672
DA:668,9038
DA:669,9038
DA:674,259
DA:675,8926
DA:676,21188
DA:677,8926
DA:678,8926
DA:685,173
LF:288
LH:187
BRDA:43,0,0,9
BRDA:54,1,0,0
BRDA:54,1,1,0
BRDA:54,2,0,0
BRDA:54,2,1,0
BRDA:69,3,0,0
BRDA:69,3,1,0
BRDA:69,3,2,0
BRDA:70,4,0,0
BRDA:70,4,1,0
BRDA:70,4,2,0
BRDA:71,5,0,0
BRDA:71,5,1,0
BRDA:71,5,2,0
BRDA:72,6,0,0
BRDA:72,6,1,0
BRDA:72,6,2,0
BRDA:74,7,0,0
BRDA:74,7,1,0
BRDA:74,8,0,0
BRDA:74,8,1,0
BRDA:74,8,2,0
BRDA:74,8,3,0
BRDA:79,9,0,0
BRDA:79,9,1,0
BRDA:80,10,0,0
BRDA:80,10,1,0
BRDA:81,11,0,0
BRDA:81,11,1,0
BRDA:82,12,0,0
BRDA:82,12,1,0
BRDA:86,13,0,0
BRDA:86,13,1,0
BRDA:86,14,0,0
BRDA:86,14,1,0
BRDA:98,15,0,0
BRDA:98,15,1,0
BRDA:98,16,0,0
BRDA:98,16,1,0
BRDA:98,16,2,0
BRDA:107,17,0,0
BRDA:107,17,1,0
BRDA:107,18,0,0
BRDA:107,18,1,0
BRDA:119,19,0,0
BRDA:119,19,1,0
BRDA:119,20,0,0
BRDA:119,20,1,0
BRDA:119,20,2,0
BRDA:124,21,0,0
BRDA:124,21,1,0
BRDA:124,22,0,0
BRDA:124,22,1,0
BRDA:130,23,0,0
BRDA:130,23,1,0
BRDA:130,24,0,0
BRDA:130,24,1,0
BRDA:150,25,0,0
BRDA:150,25,1,5
BRDA:150,26,0,5
BRDA:150,26,1,5
BRDA:153,27,0,0
BRDA:153,27,1,5
BRDA:153,28,0,5
BRDA:153,28,1,5
BRDA:156,29,0,0
BRDA:156,29,1,5
BRDA:156,30,0,5
BRDA:156,30,1,5
BRDA:159,31,0,0
BRDA:159,31,1,5
BRDA:159,32,0,5
BRDA:159,32,1,5
BRDA:159,32,2,5
BRDA:168,33,0,10
BRDA:168,33,1,0
BRDA:183,34,0,0
BRDA:183,34,1,4
BRDA:183,35,0,4
BRDA:183,35,1,4
BRDA:186,36,0,0
BRDA:186,36,1,4
BRDA:186,37,0,4
BRDA:186,37,1,4
BRDA:189,38,0,0
BRDA:189,38,1,4
BRDA:189,39,0,4
BRDA:189,39,1,4
BRDA:189,39,2,4
BRDA:198,40,0,6
BRDA:198,40,1,0
BRDA:210,41,0,6
BRDA:210,41,1,0
BRDA:210,42,0,6
BRDA:210,42,1,6
BRDA:210,42,2,6
BRDA:211,43,0,5
BRDA:211,43,1,1
BRDA:218,44,0,5
BRDA:218,44,1,5
BRDA:218,44,2,5
BRDA:237,45,0,0
BRDA:237,45,1,0
BRDA:237,46,0,0
BRDA:237,46,1,0
BRDA:241,47,0,0
BRDA:241,47,1,0
BRDA:241,48,0,0
BRDA:241,48,1,0
BRDA:241,48,2,0
BRDA:241,48,3,0
BRDA:246,49,0,0
BRDA:246,49,1,0
BRDA:253,50,0,0
BRDA:253,50,1,0
BRDA:253,51,0,0
BRDA:253,51,1,0
BRDA:253,51,2,0
BRDA:267,52,0,0
BRDA:267,52,1,0
BRDA:270,53,0,0
BRDA:270,53,1,0
BRDA:274,54,0,0
BRDA:274,54,1,0
BRDA:274,55,0,0
BRDA:274,55,1,0
BRDA:281,56,0,0
BRDA:281,56,1,0
BRDA:281,57,0,0
BRDA:281,57,1,0
BRDA:299,58,0,0
BRDA:299,58,1,1
BRDA:299,59,0,1
BRDA:299,59,1,1
BRDA:303,60,0,0
BRDA:303,60,1,1
BRDA:303,61,0,1
BRDA:303,61,1,1
BRDA:303,61,2,1
BRDA:307,62,0,0
BRDA:307,62,1,1
BRDA:307,63,0,1
BRDA:307,63,1,1
BRDA:307,63,2,1
BRDA:318,64,0,1
BRDA:318,64,1,0
BRDA:319,65,0,1
BRDA:319,65,1,0
BRDA:321,66,0,0
BRDA:321,66,1,1
BRDA:321,67,0,1
BRDA:321,67,1,0
BRDA:341,68,0,0
BRDA:341,68,1,1
BRDA:363,69,0,1
BRDA:363,69,1,0
BRDA:387,70,0,1
BRDA:387,70,1,0
BRDA:390,71,0,1
BRDA:390,71,1,0
BRDA:403,72,0,1
BRDA:403,72,1,0
BRDA:411,73,0,1
BRDA:411,73,1,0
BRDA:418,74,0,0
BRDA:418,74,1,1
BRDA:451,75,0,13
BRDA:451,75,1,3
BRDA:473,76,0,1
BRDA:473,76,1,0
BRDA:478,77,0,0
BRDA:478,77,1,1
BRDA:478,78,0,1
BRDA:478,78,1,1
BRDA:484,79,0,1
BRDA:484,79,1,0
BRDA:526,80,0,1
BRDA:526,80,1,3
BRDA:534,81,0,1
BRDA:534,81,1,0
BRDA:537,82,0,1
BRDA:537,82,1,0
BRDA:575,83,0,1
BRDA:575,83,1,0
BRDA:575,84,0,1
BRDA:575,84,1,1
BRDA:592,85,0,0
BRDA:592,85,1,1
BRDA:640,86,0,171
BRDA:640,86,1,1
BRDA:664,87,0,260
BRDA:664,87,1,259
BRDA:667,88,0,9038
BRDA:667,88,1,12634
BRDA:676,89,0,8926
BRDA:676,89,1,12262
BRF:196
BRH:80
end_of_record
TN:
SF:D:\Workarea\iotaeco\iota-pico-business\src\transactions\transactionSigning.ts
FN:10,(anonymous_0)
FN:41,(anonymous_1)
FN:80,(anonymous_2)
FN:92,(anonymous_3)
FN:104,(anonymous_4)
FNF:5
FNH:5
FNDA:17,(anonymous_0)
FNDA:16,(anonymous_1)
FNDA:16,(anonymous_2)
FNDA:13,(anonymous_3)
FNDA:2,(anonymous_4)
DA:1,1
DA:3,1
DA:9,1
DA:11,17
DA:12,17
DA:13,17
DA:14,17
DA:16,17
DA:18,17
DA:19,17
DA:20,17
DA:22,17
DA:23,17
DA:25,17
DA:26,17
DA:27,17
DA:28,17
DA:30,17
DA:31,25
DA:32,675
DA:33,675
DA:34,164025
DA:38,17
DA:42,16
DA:45,16
DA:46,16
DA:47,23
DA:48,23
DA:50,23
DA:51,621
DA:52,621
DA:54,621
DA:55,16146
DA:56,16146
DA:57,16146
DA:58,16146
DA:61,621
DA:62,150903
DA:66,23
DA:68,23
DA:69,23
DA:70,23
DA:72,23
DA:73,23
DA:74,5589
DA:77,16
DA:81,16
DA:83,16
DA:85,16
DA:86,16
DA:87,16
DA:89,16
DA:93,13
DA:94,13
DA:96,13
DA:98,13
DA:99,13
DA:101,13
DA:105,2
DA:106,2
DA:108,2
DA:110,2
DA:111,54
DA:113,54
DA:114,702
DA:115,702
DA:116,702
DA:117,702
DA:120,54
DA:121,13122
DA:125,2
LF:71
LH:71
BRF:0
BRH:0
end_of_record
